2022-11-09 09:09:31, Info                  SYSPRP ========================================================
2022-11-09 09:09:31, Info                  SYSPRP ===          Beginning of a new sysprep run          ===
2022-11-09 09:09:31, Info                  SYSPRP ========================================================
2022-11-09 09:09:31, Info       [0x0f004d] SYSPRP The time is now 2022-11-09 09:09:31
2022-11-09 09:09:31, Info       [0x0f004e] SYSPRP Initialized SysPrep log at C:\WINDOWS\system32\Sysprep\Panther
2022-11-09 09:09:31, Info       [0x0f0054] SYSPRP ValidatePrivileges:User has required privileges to sysprep machine
2022-11-09 09:09:31, Info       [0x0f007e] SYSPRP FCreateTagFile:Tag file C:\WINDOWS\system32\Sysprep\Sysprep_succeeded.tag does not already exist, no need to delete anything
2022-11-09 09:09:31, Info       [0x0f005f] SYSPRP ParseCommands:Found supported command line option 'RESPECIALIZE'
2022-11-09 09:09:31, Info       [0x0f005f] SYSPRP ParseCommands:Found supported command line option 'QUIET'
2022-11-09 09:09:31, Info                  SYSPRP WinMain:Processing 're-specialize' internal provider request.
2022-11-09 09:09:31, Info                  SYSPRP RunDlls:Running platform actions specified in action file for phase 6
2022-11-09 09:09:31, Info                  SYSPRP SysprepSession::CreateSession: Successfully created instance with action file C:\Windows\System32\Sysprep\ActionFiles\ReSpecialize.xml, and mode <null>
2022-11-09 09:09:32, Info                  SYSPRP SysprepSession::Execute: Beginning action execution from C:\Windows\System32\Sysprep\ActionFiles\ReSpecialize.xml
2022-11-09 09:09:32, Info                  SYSPRP SysprepSession::CreateXPathForSelection: Sysprep mode in registry is <null>
2022-11-09 09:09:32, Info                  SYSPRP SysprepSession::CreateXPathForSelection: Processor architecture in registry is AMD64
2022-11-09 09:09:32, Info                  SYSPRP After sorting, components will be excuted in the following order:
2022-11-09 09:09:32, Info                  SYSPRP   Name: Microsoft-Windows-PnpSysprep, Order: 256
2022-11-09 09:09:32, Info                  SYSPRP ActionPlatform::LaunchModule: Executing method 'Sysprep_Respecialize_Pnp' from C:\Windows\System32\sppnp.dll
2022-11-09 09:09:32, Info                  SYSPRP SPPNP: Sysprep_Respecialize_Pnp: Enter
2022-11-09 09:09:32, Info                  SYSPRP SPPNP: Created progress thread.
2022-11-09 09:09:32, Info                  SYSPRP SPPNP: Creating device install status thread.
2022-11-09 09:09:32, Info                  SYSPRP SPPNP: Waiting for device install status thread to exit.
2022-11-09 09:09:32, Info                  SYSPRP SPPNP: Status: Starting...
2022-11-09 09:09:32, Info                  SYSPRP SPPNP: Status: Total = 0, Complete = 0, Progress = 0% (0%)
2022-11-09 09:09:32, Info                  SYSPRP SPPNP: Status worker: Waiting for device installation to start...
2022-11-09 09:09:32, Info                  SYSPRP SPPNP: Installing devices.
2022-11-09 09:09:32, Info                  SYSPRP SPPNP: Persisting installed devices.
2022-11-09 09:09:32, Info                  SYSPRP SPPNP: Deferring startup of system services.
2022-11-09 09:09:32, Info                  SYSPRP SPPNP: Waiting for pending device installs.
2022-11-09 09:09:33, Info                  SYSPRP SPPNP: Status: Starting...
2022-11-09 09:09:33, Info                  SYSPRP SPPNP: Status: Total = 0, Complete = 0, Progress = 0% (0%)
2022-11-09 09:09:33, Info                  SYSPRP SPPNP: Status worker: Waiting for device installation to start...
2022-11-09 09:09:33, Info                  SYSPRP SPPNP: Status: Starting...
2022-11-09 09:09:33, Info                  SYSPRP SPPNP: Status: Total = 0, Complete = 0, Progress = 0% (0%)
2022-11-09 09:09:33, Info                  SYSPRP SPPNP: Status worker: Waiting for device installation to start...
2022-11-09 09:09:34, Info                  SYSPRP SPPNP: Status: Starting...
2022-11-09 09:09:34, Info                  SYSPRP SPPNP: Status: Total = 0, Complete = 0, Progress = 0% (0%)
2022-11-09 09:09:34, Info                  SYSPRP SPPNP: Status worker: Waiting for device installation to start...
2022-11-09 09:09:34, Info                  SYSPRP SPPNP: Status: Starting...
2022-11-09 09:09:34, Info                  SYSPRP SPPNP: Status: Total = 0, Complete = 0, Progress = 0% (0%)
2022-11-09 09:09:34, Info                  SYSPRP SPPNP: Status worker: Waiting for device installation to start...
2022-11-09 09:09:35, Info                  SYSPRP SPPNP: Status: Starting...
2022-11-09 09:09:35, Info                  SYSPRP SPPNP: Status: Total = 0, Complete = 0, Progress = 0% (0%)
2022-11-09 09:09:35, Info                  SYSPRP SPPNP: Status worker: Waiting for device installation to start...
2022-11-09 09:09:35, Info                  SYSPRP SPPNP: Status: Starting...
2022-11-09 09:09:35, Info                  SYSPRP SPPNP: Status: Total = 0, Complete = 0, Progress = 0% (0%)
2022-11-09 09:09:35, Info                  SYSPRP SPPNP: Status worker: Waiting for device installation to start...
2022-11-09 09:09:36, Info                  SYSPRP SPPNP: Status: Starting...
2022-11-09 09:09:36, Info                  SYSPRP SPPNP: Status: Total = 0, Complete = 0, Progress = 0% (0%)
2022-11-09 09:09:36, Info                  SYSPRP SPPNP: Status worker: Waiting for device installation to start...
2022-11-09 09:09:36, Info                  SYSPRP SPPNP: Status: Starting...
2022-11-09 09:09:36, Info                  SYSPRP SPPNP: Status: Total = 0, Complete = 0, Progress = 0% (0%)
2022-11-09 09:09:36, Info                  SYSPRP SPPNP: Status worker: Waiting for device installation to start...
2022-11-09 09:09:37, Info                  SYSPRP SPPNP: Status: Starting...
2022-11-09 09:09:37, Info                  SYSPRP SPPNP: Status: Total = 0, Complete = 0, Progress = 0% (0%)
2022-11-09 09:09:37, Info                  SYSPRP SPPNP: Status worker: Waiting for device installation to start...
2022-11-09 09:09:37, Info                  SYSPRP SPPNP: Status: Starting...
2022-11-09 09:09:37, Info                  SYSPRP SPPNP: Status: Total = 0, Complete = 0, Progress = 0% (0%)
2022-11-09 09:09:37, Info                  SYSPRP SPPNP: Status worker: Waiting for device installation to start...
2022-11-09 09:09:38, Info                  SYSPRP SPPNP: Status: Starting...
2022-11-09 09:09:38, Info                  SYSPRP SPPNP: Status: Total = 0, Complete = 0, Progress = 0% (0%)
2022-11-09 09:09:38, Info                  SYSPRP SPPNP: Status: Active
2022-11-09 09:09:38, Info                  SYSPRP SPPNP: Status: Total = 31, Complete = 0, Progress = 0% (0%)
2022-11-09 09:09:38, Info                  SYSPRP SPPNP: Status: Active
2022-11-09 09:09:38, Info                  SYSPRP SPPNP: Status: Total = 31, Complete = 1, Progress = 3% (3%)
2022-11-09 09:09:38, Info                  SYSPRP SPPNP: Status: Active
2022-11-09 09:09:38, Info                  SYSPRP SPPNP: Status: Total = 31, Complete = 2, Progress = 6% (6%)
2022-11-09 09:09:39, Info                  SYSPRP SPPNP: Status: Active
2022-11-09 09:09:39, Info                  SYSPRP SPPNP: Status: Total = 31, Complete = 3, Progress = 9% (9%)
2022-11-09 09:09:39, Info                  SYSPRP SPPNP: Status: Active
2022-11-09 09:09:39, Info                  SYSPRP SPPNP: Status: Total = 31, Complete = 4, Progress = 12% (12%)
2022-11-09 09:09:39, Info                  SYSPRP SPPNP: Status: Active
2022-11-09 09:09:39, Info                  SYSPRP SPPNP: Status: Total = 31, Complete = 5, Progress = 16% (16%)
2022-11-09 09:09:39, Info                  SYSPRP SPPNP: Status: Active
2022-11-09 09:09:39, Info                  SYSPRP SPPNP: Status: Total = 31, Complete = 6, Progress = 19% (19%)
2022-11-09 09:09:40, Info                  SYSPRP SPPNP: Status: Active
2022-11-09 09:09:40, Info                  SYSPRP SPPNP: Status: Total = 31, Complete = 7, Progress = 22% (22%)
2022-11-09 09:09:40, Info                  SYSPRP SPPNP: Status: Active
2022-11-09 09:09:40, Info                  SYSPRP SPPNP: Status: Total = 31, Complete = 8, Progress = 25% (25%)
2022-11-09 09:09:40, Info                  SYSPRP SPPNP: Status: Active
2022-11-09 09:09:40, Info                  SYSPRP SPPNP: Status: Total = 31, Complete = 9, Progress = 29% (29%)
2022-11-09 09:09:54, Info                  SYSPRP SPPNP: Status: Active
2022-11-09 09:09:54, Info                  SYSPRP SPPNP: Status: Total = 31, Complete = 10, Progress = 32% (32%)
2022-11-09 09:09:54, Info                  SYSPRP SPPNP: Status: Active
2022-11-09 09:09:54, Info                  SYSPRP SPPNP: Status: Total = 31, Complete = 11, Progress = 35% (35%)
2022-11-09 09:09:55, Info                  SYSPRP SPPNP: Status: Active
2022-11-09 09:09:55, Info                  SYSPRP SPPNP: Status: Total = 31, Complete = 12, Progress = 38% (38%)
2022-11-09 09:09:55, Info                  SYSPRP SPPNP: Status: Active
2022-11-09 09:09:55, Info                  SYSPRP SPPNP: Status: Total = 31, Complete = 13, Progress = 41% (41%)
2022-11-09 09:10:14, Info                  SYSPRP SPPNP: Status: Active
2022-11-09 09:10:14, Info                  SYSPRP SPPNP: Status: Total = 31, Complete = 14, Progress = 45% (45%)
2022-11-09 09:10:14, Info                  SYSPRP SPPNP: Status: Active
2022-11-09 09:10:14, Info                  SYSPRP SPPNP: Status: Total = 31, Complete = 15, Progress = 48% (48%)
2022-11-09 09:10:14, Info                  SYSPRP SPPNP: Status: Active
2022-11-09 09:10:14, Info                  SYSPRP SPPNP: Status: Total = 31, Complete = 16, Progress = 51% (51%)
2022-11-09 09:10:14, Info                  SYSPRP SPPNP: Status: Active
2022-11-09 09:10:14, Info                  SYSPRP SPPNP: Status: Total = 31, Complete = 17, Progress = 54% (54%)
2022-11-09 09:10:14, Info                  SYSPRP SPPNP: Status: Active
2022-11-09 09:10:14, Info                  SYSPRP SPPNP: Status: Total = 31, Complete = 18, Progress = 58% (58%)
2022-11-09 09:10:15, Info                  SYSPRP SPPNP: Status: Active
2022-11-09 09:10:15, Info                  SYSPRP SPPNP: Status: Total = 31, Complete = 19, Progress = 61% (61%)
2022-11-09 09:10:15, Info                  SYSPRP SPPNP: Status: Active
2022-11-09 09:10:15, Info                  SYSPRP SPPNP: Status: Total = 31, Complete = 20, Progress = 64% (64%)
2022-11-09 09:10:15, Info                  SYSPRP SPPNP: Status: Active
2022-11-09 09:10:15, Info                  SYSPRP SPPNP: Status: Total = 31, Complete = 21, Progress = 67% (67%)
2022-11-09 09:10:15, Info                  SYSPRP SPPNP: Status: Active
2022-11-09 09:10:15, Info                  SYSPRP SPPNP: Status: Total = 31, Complete = 22, Progress = 70% (70%)
2022-11-09 09:10:15, Info                  SYSPRP SPPNP: Status: Active
2022-11-09 09:10:15, Info                  SYSPRP SPPNP: Status: Total = 31, Complete = 23, Progress = 74% (74%)
2022-11-09 09:10:15, Info                  SYSPRP SPPNP: Status: Active
2022-11-09 09:10:15, Info                  SYSPRP SPPNP: Status: Total = 31, Complete = 24, Progress = 77% (77%)
2022-11-09 09:10:16, Info                  SYSPRP SPPNP: Status: Active
2022-11-09 09:10:16, Info                  SYSPRP SPPNP: Status: Total = 31, Complete = 25, Progress = 80% (80%)
2022-11-09 09:10:16, Info                  SYSPRP SPPNP: Status: Active
2022-11-09 09:10:16, Info                  SYSPRP SPPNP: Status: Total = 31, Complete = 26, Progress = 83% (83%)
2022-11-09 09:10:16, Info                  SYSPRP SPPNP: Status: Active
2022-11-09 09:10:16, Info                  SYSPRP SPPNP: Status: Total = 31, Complete = 27, Progress = 87% (87%)
2022-11-09 09:10:16, Info                  SYSPRP SPPNP: Status: Active
2022-11-09 09:10:16, Info                  SYSPRP SPPNP: Status: Total = 31, Complete = 28, Progress = 90% (90%)
2022-11-09 09:10:16, Info                  SYSPRP SPPNP: Status: Active
2022-11-09 09:10:16, Info                  SYSPRP SPPNP: Status: Total = 31, Complete = 29, Progress = 93% (93%)
2022-11-09 09:10:16, Info                  SYSPRP SPPNP: Status: Active
2022-11-09 09:10:16, Info                  SYSPRP SPPNP: Status: Total = 31, Complete = 30, Progress = 96% (96%)
2022-11-09 09:10:16, Info                  SYSPRP SPPNP: Status: Active
2022-11-09 09:10:16, Info                  SYSPRP SPPNP: Completed pending device installs.
2022-11-09 09:10:16, Info                  SYSPRP SPPNP: Status: Total = 31, Complete = 31, Progress = 100% (100%)
2022-11-09 09:10:16, Info                  SYSPRP SPPNP: Alerting progress thread.
2022-11-09 09:10:16, Info                  SYSPRP SPPNP: Alerting device install status thread.
2022-11-09 09:10:16, Info                  SYSPRP SPPNP: Finished waiting for device install status.
2022-11-09 09:10:16, Info                  SYSPRP SPPNP: Devices pre-configured: 0
2022-11-09 09:10:16, Info                  SYSPRP SPPNP: Devices pre-installed: 0
2022-11-09 09:10:16, Info                  SYSPRP SPPNP: Devices need install: 0
2022-11-09 09:10:16, Info                  SYSPRP SPPNP: Devices configured: 477
2022-11-09 09:10:16, Info                  SYSPRP SPPNP: Devices installed: 15
2022-11-09 09:10:16, Info                  SYSPRP SPPNP: Devices non-present: 237
2022-11-09 09:10:16, Info                  SYSPRP SPPNP: Device installation completed.
2022-11-09 09:10:16, Info                  SYSPRP SPPNP: Waiting for progress thread to exit.
2022-11-09 09:10:16, Info                  SYSPRP SPPNP: Progress thread exited.
2022-11-09 09:10:16, Info                  SYSPRP SPPNP: Device 'ACPI\PNP0C0E\2&DABA3FF&0' using driver 'machine.inf' needs reboot (0x1010000000).
2022-11-09 09:10:16, Info                  SYSPRP SPPNP: Device 'ACPI\PNP0C09\4&8BE4EFC&0' using driver 'machine.inf' needs reboot (0x1010000000).
2022-11-09 09:10:16, Info                  SYSPRP SPPNP: Device 'ACPI\PNP0C0C\2&DABA3FF&0' using driver 'machine.inf' needs reboot (0x1010000000).
2022-11-09 09:10:16, Info                  SYSPRP SPPNP: Device 'ACPI\ACPI0004\CPUSCK0' using driver 'machine.inf' needs reboot (0x1010000000).
2022-11-09 09:10:16, Info                  SYSPRP SPPNP: Device 'PCI\VEN_8086&DEV_A2D2&SUBSYS_873C1043&REV_00\3&11583659&0&F8' using driver 'machine.inf' needs reboot (0x1010000000).
2022-11-09 09:10:16, Info                  SYSPRP SPPNP: Devices need reboot: 5
2022-11-09 09:10:16, Info                  SYSPRP SPPNP: Reboot required!
2022-11-09 09:10:16, Info                  SYSPRP SPPNP: Sysprep_Respecialize_Pnp: Exit
2022-11-09 09:10:16, Info                  SYSPRP ActionPlatform::LaunchModule: Successfully executed 'Sysprep_Respecialize_Pnp' from C:\Windows\System32\sppnp.dll
2022-11-09 09:10:16, Info                  SYSPRP SysprepSession::Execute: Sysprep mode was not specified, deleting it from registry
2022-11-09 09:10:16, Info       [0x0f0052] SYSPRP Shutting down SysPrep log
2022-11-09 09:10:16, Info       [0x0f004d] SYSPRP The time is now 2022-11-09 09:10:16
2022-11-10 18:50:40, Info                  SYSPRP ========================================================
2022-11-10 18:50:40, Info                  SYSPRP ===          Beginning of a new sysprep run          ===
2022-11-10 18:50:40, Info                  SYSPRP ========================================================
2022-11-10 18:50:40, Info       [0x0f004d] SYSPRP The time is now 2022-11-10 18:50:40
2022-11-10 18:50:40, Info       [0x0f004e] SYSPRP Initialized SysPrep log at C:\WINDOWS\system32\Sysprep\Panther
2022-11-10 18:50:40, Info       [0x0f0054] SYSPRP ValidatePrivileges:User has required privileges to sysprep machine
2022-11-10 18:50:40, Info       [0x0f007e] SYSPRP FCreateTagFile:Tag file C:\WINDOWS\system32\Sysprep\Sysprep_succeeded.tag does not already exist, no need to delete anything
2022-11-10 18:50:40, Info       [0x0f005f] SYSPRP ParseCommands:Found supported command line option 'RESPECIALIZE'
2022-11-10 18:50:40, Info       [0x0f005f] SYSPRP ParseCommands:Found supported command line option 'QUIET'
2022-11-10 18:50:40, Info                  SYSPRP WinMain:Processing 're-specialize' internal provider request.
2022-11-10 18:50:40, Info                  SYSPRP RunDlls:Running platform actions specified in action file for phase 6
2022-11-10 18:50:40, Info                  SYSPRP SysprepSession::CreateSession: Successfully created instance with action file C:\Windows\System32\Sysprep\ActionFiles\ReSpecialize.xml, and mode <null>
2022-11-10 18:50:41, Info                  SYSPRP SysprepSession::Execute: Beginning action execution from C:\Windows\System32\Sysprep\ActionFiles\ReSpecialize.xml
2022-11-10 18:50:41, Info                  SYSPRP SysprepSession::CreateXPathForSelection: Sysprep mode in registry is <null>
2022-11-10 18:50:41, Info                  SYSPRP SysprepSession::CreateXPathForSelection: Processor architecture in registry is AMD64
2022-11-10 18:50:41, Info                  SYSPRP After sorting, components will be excuted in the following order:
2022-11-10 18:50:41, Info                  SYSPRP   Name: Microsoft-Windows-PnpSysprep, Order: 256
2022-11-10 18:50:41, Info                  SYSPRP ActionPlatform::LaunchModule: Executing method 'Sysprep_Respecialize_Pnp' from C:\Windows\System32\sppnp.dll
2022-11-10 18:50:41, Info                  SYSPRP SPPNP: Sysprep_Respecialize_Pnp: Enter
2022-11-10 18:50:41, Info                  SYSPRP SPPNP: Created progress thread.
2022-11-10 18:50:41, Info                  SYSPRP SPPNP: Creating device install status thread.
2022-11-10 18:50:41, Info                  SYSPRP SPPNP: Waiting for device install status thread to exit.
2022-11-10 18:50:41, Info                  SYSPRP SPPNP: Status: Starting...
2022-11-10 18:50:41, Info                  SYSPRP SPPNP: Status: Total = 0, Complete = 0, Progress = 0% (0%)
2022-11-10 18:50:41, Info                  SYSPRP SPPNP: Status worker: Waiting for device installation to start...
2022-11-10 18:50:41, Info                  SYSPRP SPPNP: Installing devices.
2022-11-10 18:50:41, Info                  SYSPRP SPPNP: Persisting installed devices.
2022-11-10 18:50:41, Info                  SYSPRP SPPNP: Deferring startup of system services.
2022-11-10 18:50:41, Info                  SYSPRP SPPNP: Waiting for pending device installs.
2022-11-10 18:50:41, Info                  SYSPRP SPPNP: Status: Starting...
2022-11-10 18:50:41, Info                  SYSPRP SPPNP: Status: Total = 0, Complete = 0, Progress = 0% (0%)
2022-11-10 18:50:41, Info                  SYSPRP SPPNP: Status worker: Waiting for device installation to start...
2022-11-10 18:50:42, Info                  SYSPRP SPPNP: Status: Starting...
2022-11-10 18:50:42, Info                  SYSPRP SPPNP: Status: Total = 0, Complete = 0, Progress = 0% (0%)
2022-11-10 18:50:42, Info                  SYSPRP SPPNP: Status worker: Waiting for device installation to start...
2022-11-10 18:50:42, Info                  SYSPRP SPPNP: Status: Starting...
2022-11-10 18:50:42, Info                  SYSPRP SPPNP: Status: Total = 0, Complete = 0, Progress = 0% (0%)
2022-11-10 18:50:42, Info                  SYSPRP SPPNP: Status worker: Waiting for device installation to start...
2022-11-10 18:50:43, Info                  SYSPRP SPPNP: Status: Starting...
2022-11-10 18:50:43, Info                  SYSPRP SPPNP: Status: Total = 0, Complete = 0, Progress = 0% (0%)
2022-11-10 18:50:43, Info                  SYSPRP SPPNP: Status worker: Waiting for device installation to start...
2022-11-10 18:50:43, Info                  SYSPRP SPPNP: Status: Starting...
2022-11-10 18:50:43, Info                  SYSPRP SPPNP: Status: Total = 0, Complete = 0, Progress = 0% (0%)
2022-11-10 18:50:43, Info                  SYSPRP SPPNP: Status worker: Waiting for device installation to start...
2022-11-10 18:50:44, Info                  SYSPRP SPPNP: Status: Starting...
2022-11-10 18:50:44, Info                  SYSPRP SPPNP: Status: Total = 0, Complete = 0, Progress = 0% (0%)
2022-11-10 18:50:44, Info                  SYSPRP SPPNP: Status worker: Waiting for device installation to start...
2022-11-10 18:50:44, Info                  SYSPRP SPPNP: Status: Starting...
2022-11-10 18:50:44, Info                  SYSPRP SPPNP: Status: Total = 0, Complete = 0, Progress = 0% (0%)
2022-11-10 18:50:44, Info                  SYSPRP SPPNP: Status worker: Waiting for device installation to start...
2022-11-10 18:50:45, Info                  SYSPRP SPPNP: Status: Starting...
2022-11-10 18:50:45, Info                  SYSPRP SPPNP: Status: Total = 0, Complete = 0, Progress = 0% (0%)
2022-11-10 18:50:45, Info                  SYSPRP SPPNP: Status worker: Waiting for device installation to start...
2022-11-10 18:50:45, Info                  SYSPRP SPPNP: Status: Starting...
2022-11-10 18:50:45, Info                  SYSPRP SPPNP: Status: Total = 0, Complete = 0, Progress = 0% (0%)
2022-11-10 18:50:45, Info                  SYSPRP SPPNP: Status worker: Waiting for device installation to start...
2022-11-10 18:50:46, Info                  SYSPRP SPPNP: Status: Starting...
2022-11-10 18:50:46, Info                  SYSPRP SPPNP: Status: Total = 0, Complete = 0, Progress = 0% (0%)
2022-11-10 18:50:46, Info                  SYSPRP SPPNP: Status worker: Waiting for device installation to start...
2022-11-10 18:50:46, Info                  SYSPRP SPPNP: Status: Starting...
2022-11-10 18:50:46, Info                  SYSPRP SPPNP: Status: Total = 0, Complete = 0, Progress = 0% (0%)
2022-11-10 18:50:46, Info                  SYSPRP SPPNP: Status worker: Waiting for device installation to start...
2022-11-10 18:50:47, Info                  SYSPRP SPPNP: Status: Starting...
2022-11-10 18:50:47, Info                  SYSPRP SPPNP: Status: Total = 0, Complete = 0, Progress = 0% (0%)
2022-11-10 18:50:47, Info                  SYSPRP SPPNP: Status: Active
2022-11-10 18:50:47, Info                  SYSPRP SPPNP: Status: Total = 2, Complete = 0, Progress = 0% (0%)
2022-11-10 18:51:10, Info                  SYSPRP SPPNP: Status: Active
2022-11-10 18:51:10, Info                  SYSPRP SPPNP: Status: Total = 2, Complete = 1, Progress = 50% (50%)
2022-11-10 18:51:29, Info                  SYSPRP SPPNP: Completed pending device installs.
2022-11-10 18:51:29, Info                  SYSPRP SPPNP: Alerting progress thread.
2022-11-10 18:51:29, Info                  SYSPRP SPPNP: Status: End
2022-11-10 18:51:29, Info                  SYSPRP SPPNP: Status: Total = -1, Complete = -1, Progress = 100% (100%)
2022-11-10 18:51:29, Info                  SYSPRP SPPNP: Alerting device install status thread.
2022-11-10 18:51:29, Info                  SYSPRP SPPNP: Finished waiting for device install status.
2022-11-10 18:51:30, Info                  SYSPRP SPPNP: Devices pre-configured: 0
2022-11-10 18:51:30, Info                  SYSPRP SPPNP: Devices pre-installed: 0
2022-11-10 18:51:30, Info                  SYSPRP SPPNP: Devices need install: 0
2022-11-10 18:51:30, Info                  SYSPRP SPPNP: Devices configured: 489
2022-11-10 18:51:30, Info                  SYSPRP SPPNP: Devices installed: 15
2022-11-10 18:51:30, Info                  SYSPRP SPPNP: Devices non-present: 375
2022-11-10 18:51:30, Info                  SYSPRP SPPNP: Device installation completed.
2022-11-10 18:51:30, Info                  SYSPRP SPPNP: Waiting for progress thread to exit.
2022-11-10 18:51:30, Info                  SYSPRP SPPNP: Progress thread exited.
2022-11-10 18:51:30, Info                  SYSPRP SPPNP: Sysprep_Respecialize_Pnp: Exit
2022-11-10 18:51:30, Info                  SYSPRP ActionPlatform::LaunchModule: Successfully executed 'Sysprep_Respecialize_Pnp' from C:\Windows\System32\sppnp.dll
2022-11-10 18:51:30, Info                  SYSPRP SysprepSession::Execute: Sysprep mode was not specified, deleting it from registry
2022-11-10 18:51:31, Info       [0x0f0052] SYSPRP Shutting down SysPrep log
2022-11-10 18:51:31, Info       [0x0f004d] SYSPRP The time is now 2022-11-10 18:51:31
